<?xml version="1.0" encoding="UTF-8"?>
<!-- Generated by org.testng.reporters.JUnitReportReporter -->
<testsuite skipped="0" hostname="DESKTOP-PJMGSTL" name="com.test.automation.uiautomation.homePage.TC001_loginWithInvalidCredentials" tests="1" failures="0" timestamp="06 Sep 2017 21:53:08 GMT" time="2.316" errors="0">
  <testcase name="loginWithInvalidCredentials" time="2.316" classname="com.test.automation.uiautomation.homePage.TC001_loginWithInvalidCredentials"/>
</testsuite> <!-- com.test.automation.uiautomation.homePage.TC001_loginWithInvalidCredentials -->
